  [1m[36m (2.9ms)[0m  [1mCREATE TABLE "schema_migrations" ("version" character varying NOT NULL) [0m
  [1m[35m (1.2ms)[0m  CREATE UNIQUE INDEX  "unique_schema_migrations" ON "schema_migrations"  ("version")
  [1m[36mActiveRecord::SchemaMigration Load (0.2ms)[0m  [1mSELECT "schema_migrations".* FROM "schema_migrations"[0m
Migrating to CreateMessages (20151102172844)
  [1m[35m (0.1ms)[0m  BEGIN
DEPRECATION WARNING: `#timestamps` was called without specifying an option for `null`. In Rails 5, this behavior will change to `null: false`. You should manually specify `null: true` to prevent the behavior of your existing migrations from changing. (called from block in change at /Users/Guest/Desktop/text_messager/db/migrate/20151102172844_create_messages.rb:9)
  [1m[36m (3.0ms)[0m  [1mCREATE TABLE "messages" ("id" serial primary key, "to" character varying, "from" character varying, "body" character varying, "status" character varying, "created_at" timestamp, "updated_at" timestamp) [0m
  [1m[35mSQL (0.3ms)[0m  INSERT INTO "schema_migrations" ("version") VALUES ($1)  [["version", "20151102172844"]]
  [1m[36m (0.8ms)[0m  [1mCOMMIT[0m
  [1m[35mActiveRecord::SchemaMigration Load (0.2ms)[0m  SELECT "schema_migrations".* FROM "schema_migrations"
  [1m[36m (1.9ms)[0m  [1mSELECT t2.oid::regclass::text AS to_table, a1.attname AS column, a2.attname AS primary_key, c.conname AS name, c.confupdtype AS on_update, c.confdeltype AS on_delete
FROM pg_constraint c
JOIN pg_class t1 ON c.conrelid = t1.oid
JOIN pg_class t2 ON c.confrelid = t2.oid
JOIN pg_attribute a1 ON a1.attnum = c.conkey[1] AND a1.attrelid = t1.oid
JOIN pg_attribute a2 ON a2.attnum = c.confkey[1] AND a2.attrelid = t2.oid
JOIN pg_namespace t3 ON c.connamespace = t3.oid
WHERE c.contype = 'f'
  AND t1.relname = 'messages'
  AND t3.nspname = ANY (current_schemas(false))
ORDER BY c.conname
[0m


Started GET "/" for ::1 at 2015-11-02 10:03:00 -0800
  [1m[36mActiveRecord::SchemaMigration Load (0.3ms)[0m  [1mSELECT "schema_migrations".* FROM "schema_migrations"[0m
Processing by Rails::WelcomeController#index as HTML
  Rendered /Users/Guest/.gem/ruby/2.2.0/gems/railties-4.2.4/lib/rails/templates/rails/welcome/index.html.erb (13.7ms)
Completed 200 OK in 48ms (Views: 37.1ms | ActiveRecord: 0.0ms)


Started GET "/messages" for ::1 at 2015-11-02 10:05:23 -0800
Processing by MessagesController#index as HTML
Completed 500 Internal Server Error in 2ms (ActiveRecord: 0.0ms)

SyntaxError (/Users/Guest/Desktop/text_messager/app/models/message.rb:9: syntax error, unexpected ','
/Users/Guest/Desktop/text_messager/app/models/message.rb:10: syntax error, unexpected ',', expecting keyword_end
/Users/Guest/Desktop/text_messager/app/models/message.rb:11: syntax error, unexpected ',', expecting keyword_end
/Users/Guest/Desktop/text_messager/app/models/message.rb:15: syntax error, unexpected ')', expecting keyword_end
      ).execute
       ^):
  app/models/message.rb:9: syntax error, unexpected ','
  app/models/message.rb:10: syntax error, unexpected ',', expecting keyword_end
  app/models/message.rb:11: syntax error, unexpected ',', expecting keyword_end
  app/models/message.rb:15: syntax error, unexpected ')', expecting keyword_end
  app/controllers/messages_controller.rb:3:in `index'


  Rendered /Users/Guest/.gem/ruby/2.2.0/gems/actionpack-4.2.4/lib/action_dispatch/middleware/templates/rescues/_source.erb (5.1ms)
  Rendered /Users/Guest/.gem/ruby/2.2.0/gems/actionpack-4.2.4/lib/action_dispatch/middleware/templates/rescues/_trace.html.erb (2.2ms)
  Rendered /Users/Guest/.gem/ruby/2.2.0/gems/actionpack-4.2.4/lib/action_dispatch/middleware/templates/rescues/_request_and_response.html.erb (0.7ms)
  Rendered /Users/Guest/.gem/ruby/2.2.0/gems/actionpack-4.2.4/lib/action_dispatch/middleware/templates/rescues/diagnostics.html.erb within rescues/layout (74.8ms)
  Rendered /Users/Guest/.gem/ruby/2.2.0/gems/web-console-2.2.1/lib/web_console/templates/_markup.html.erb (0.3ms)
  Rendered /Users/Guest/.gem/ruby/2.2.0/gems/web-console-2.2.1/lib/web_console/templates/_inner_console_markup.html.erb within layouts/inlined_string (0.2ms)
  Rendered /Users/Guest/.gem/ruby/2.2.0/gems/web-console-2.2.1/lib/web_console/templates/_prompt_box_markup.html.erb within layouts/inlined_string (0.3ms)
  Rendered /Users/Guest/.gem/ruby/2.2.0/gems/web-console-2.2.1/lib/web_console/templates/style.css.erb within layouts/inlined_string (0.3ms)
  Rendered /Users/Guest/.gem/ruby/2.2.0/gems/web-console-2.2.1/lib/web_console/templates/console.js.erb within layouts/javascript (48.1ms)
  Rendered /Users/Guest/.gem/ruby/2.2.0/gems/web-console-2.2.1/lib/web_console/templates/main.js.erb within layouts/javascript (0.2ms)
  Rendered /Users/Guest/.gem/ruby/2.2.0/gems/web-console-2.2.1/lib/web_console/templates/error_page.js.erb within layouts/javascript (0.3ms)
  Rendered /Users/Guest/.gem/ruby/2.2.0/gems/web-console-2.2.1/lib/web_console/templates/index.html.erb (120.5ms)


Started GET "/messages" for ::1 at 2015-11-02 10:08:25 -0800
Processing by MessagesController#index as HTML
  [1m[35mMessage Load (0.4ms)[0m  SELECT "messages".* FROM "messages"
  Rendered messages/index.html.erb within layouts/application (2.1ms)
Completed 200 OK in 904ms (Views: 902.2ms | ActiveRecord: 0.9ms)


Started GET "/messages/new" for ::1 at 2015-11-02 10:08:47 -0800
Processing by MessagesController#new as HTML
  Rendered messages/new.html.erb within layouts/application (105.1ms)
Completed 200 OK in 136ms (Views: 128.7ms | ActiveRecord: 1.5ms)


Started POST "/messages" for ::1 at 2015-11-02 10:09:30 -0800
Processing by MessagesController#create as HTML
  Parameters: {"utf8"=>"✓", "authenticity_token"=>"mPHLcrQ5KpGGY2xEjgF8qicggVeL/HQDJvOqhB2WDwcYIXg7tUlIX6Y1V632Wb70BkzK5mcKwAzYF+dbyEhOhg==", "message"=>{"to"=>"4156094554", "from"=>"6506847040", "body"=>"Hello, Sexy!"}, "commit"=>"Create Message"}
  [1m[36m (0.1ms)[0m  [1mBEGIN[0m
  [1m[35m (0.1ms)[0m  ROLLBACK
Completed 500 Internal Server Error in 3ms (ActiveRecord: 0.2ms)

NameError (uninitialized constant Message::RestClient):
  app/models/message.rb:7:in `send_message'
  app/controllers/messages_controller.rb:12:in `create'


  Rendered /Users/Guest/.gem/ruby/2.2.0/gems/actionpack-4.2.4/lib/action_dispatch/middleware/templates/rescues/_source.erb (7.8ms)
  Rendered /Users/Guest/.gem/ruby/2.2.0/gems/actionpack-4.2.4/lib/action_dispatch/middleware/templates/rescues/_trace.html.erb (3.2ms)
  Rendered /Users/Guest/.gem/ruby/2.2.0/gems/actionpack-4.2.4/lib/action_dispatch/middleware/templates/rescues/_request_and_response.html.erb (0.9ms)
  Rendered /Users/Guest/.gem/ruby/2.2.0/gems/actionpack-4.2.4/lib/action_dispatch/middleware/templates/rescues/diagnostics.html.erb within rescues/layout (57.3ms)
  Rendered /Users/Guest/.gem/ruby/2.2.0/gems/web-console-2.2.1/lib/web_console/templates/_markup.html.erb (0.2ms)
  Rendered /Users/Guest/.gem/ruby/2.2.0/gems/web-console-2.2.1/lib/web_console/templates/_inner_console_markup.html.erb within layouts/inlined_string (0.2ms)
  Rendered /Users/Guest/.gem/ruby/2.2.0/gems/web-console-2.2.1/lib/web_console/templates/_prompt_box_markup.html.erb within layouts/inlined_string (0.2ms)
  Rendered /Users/Guest/.gem/ruby/2.2.0/gems/web-console-2.2.1/lib/web_console/templates/style.css.erb within layouts/inlined_string (0.2ms)
  Rendered /Users/Guest/.gem/ruby/2.2.0/gems/web-console-2.2.1/lib/web_console/templates/console.js.erb within layouts/javascript (39.0ms)
  Rendered /Users/Guest/.gem/ruby/2.2.0/gems/web-console-2.2.1/lib/web_console/templates/main.js.erb within layouts/javascript (0.2ms)
  Rendered /Users/Guest/.gem/ruby/2.2.0/gems/web-console-2.2.1/lib/web_console/templates/error_page.js.erb within layouts/javascript (0.4ms)
  Rendered /Users/Guest/.gem/ruby/2.2.0/gems/web-console-2.2.1/lib/web_console/templates/index.html.erb (87.3ms)


Started POST "/messages" for ::1 at 2015-11-02 10:10:20 -0800
  [1m[36mActiveRecord::SchemaMigration Load (0.3ms)[0m  [1mSELECT "schema_migrations".* FROM "schema_migrations"[0m
Processing by MessagesController#create as HTML
  Parameters: {"utf8"=>"✓", "authenticity_token"=>"mPHLcrQ5KpGGY2xEjgF8qicggVeL/HQDJvOqhB2WDwcYIXg7tUlIX6Y1V632Wb70BkzK5mcKwAzYF+dbyEhOhg==", "message"=>{"to"=>"4156094554", "from"=>"6506847040", "body"=>"Hello, Sexy!"}, "commit"=>"Create Message"}
  [1m[35m (0.1ms)[0m  BEGIN
  [1m[36mSQL (0.5ms)[0m  [1mINSERT INTO "messages" ("to", "from", "body", "created_at", "updated_at") VALUES ($1, $2, $3, $4, $5) RETURNING "id"[0m  [["to", "4156094554"], ["from", "6506847040"], ["body", "Hello, Sexy!"], ["created_at", "2015-11-02 18:10:20.666711"], ["updated_at", "2015-11-02 18:10:20.666711"]]
  [1m[35m (0.6ms)[0m  COMMIT
Redirected to http://localhost:3000/messages
Completed 302 Found in 967ms (ActiveRecord: 3.3ms)


Started GET "/messages" for ::1 at 2015-11-02 10:10:21 -0800
Processing by MessagesController#index as HTML
  [1m[36mMessage Load (0.3ms)[0m  [1mSELECT "messages".* FROM "messages"[0m
  Rendered messages/index.html.erb within layouts/application (2.1ms)
Completed 200 OK in 154ms (Views: 153.2ms | ActiveRecord: 0.3ms)


Started GET "/messages" for ::1 at 2015-11-02 10:10:38 -0800
Processing by MessagesController#index as HTML
  [1m[35mMessage Load (0.2ms)[0m  SELECT "messages".* FROM "messages"
  Rendered messages/index.html.erb within layouts/application (1.0ms)
Completed 200 OK in 24ms (Views: 23.1ms | ActiveRecord: 0.2ms)


Started GET "/messages/new" for ::1 at 2015-11-02 10:10:48 -0800
Processing by MessagesController#new as HTML
  Rendered messages/new.html.erb within layouts/application (16.5ms)
Completed 200 OK in 49ms (Views: 48.1ms | ActiveRecord: 0.0ms)


Started POST "/messages" for ::1 at 2015-11-02 10:12:45 -0800
Processing by MessagesController#create as HTML
  Parameters: {"utf8"=>"✓", "authenticity_token"=>"RsB6MbxtUax9hA4Lgpua/haOlFmpF06/OSAVNEiC3BvGEMl4vR0zYl3SNeL6w1igN+Lf6EXh+rDHxFjrnVydmg==", "message"=>{"to"=>"4156099235", "from"=>"6506847040", "body"=>"Hello, Sexy. Wink. Wink."}, "commit"=>"Create Message"}
  [1m[36m (0.1ms)[0m  [1mBEGIN[0m
  [1m[35m (0.2ms)[0m  ROLLBACK
Completed 500 Internal Server Error in 774ms (ActiveRecord: 0.3ms)

RestClient::BadRequest (400 Bad Request):
  app/models/message.rb:15:in `send_message'
  app/controllers/messages_controller.rb:12:in `create'


  Rendered /Users/Guest/.gem/ruby/2.2.0/gems/actionpack-4.2.4/lib/action_dispatch/middleware/templates/rescues/_source.erb (6.7ms)
  Rendered /Users/Guest/.gem/ruby/2.2.0/gems/actionpack-4.2.4/lib/action_dispatch/middleware/templates/rescues/_trace.html.erb (2.8ms)
  Rendered /Users/Guest/.gem/ruby/2.2.0/gems/actionpack-4.2.4/lib/action_dispatch/middleware/templates/rescues/_request_and_response.html.erb (0.9ms)
  Rendered /Users/Guest/.gem/ruby/2.2.0/gems/actionpack-4.2.4/lib/action_dispatch/middleware/templates/rescues/diagnostics.html.erb within rescues/layout (54.8ms)
  Rendered /Users/Guest/.gem/ruby/2.2.0/gems/web-console-2.2.1/lib/web_console/templates/_markup.html.erb (0.3ms)
  Rendered /Users/Guest/.gem/ruby/2.2.0/gems/web-console-2.2.1/lib/web_console/templates/_inner_console_markup.html.erb within layouts/inlined_string (0.3ms)
  Rendered /Users/Guest/.gem/ruby/2.2.0/gems/web-console-2.2.1/lib/web_console/templates/_prompt_box_markup.html.erb within layouts/inlined_string (0.2ms)
  Rendered /Users/Guest/.gem/ruby/2.2.0/gems/web-console-2.2.1/lib/web_console/templates/style.css.erb within layouts/inlined_string (0.3ms)
  Rendered /Users/Guest/.gem/ruby/2.2.0/gems/web-console-2.2.1/lib/web_console/templates/console.js.erb within layouts/javascript (42.0ms)
  Rendered /Users/Guest/.gem/ruby/2.2.0/gems/web-console-2.2.1/lib/web_console/templates/main.js.erb within layouts/javascript (0.2ms)
  Rendered /Users/Guest/.gem/ruby/2.2.0/gems/web-console-2.2.1/lib/web_console/templates/error_page.js.erb within layouts/javascript (0.3ms)
  Rendered /Users/Guest/.gem/ruby/2.2.0/gems/web-console-2.2.1/lib/web_console/templates/index.html.erb (96.2ms)


Started POST "/messages" for ::1 at 2015-11-02 10:13:14 -0800
Processing by MessagesController#create as HTML
  Parameters: {"utf8"=>"✓", "authenticity_token"=>"RsB6MbxtUax9hA4Lgpua/haOlFmpF06/OSAVNEiC3BvGEMl4vR0zYl3SNeL6w1igN+Lf6EXh+rDHxFjrnVydmg==", "message"=>{"to"=>"4156099235", "from"=>"6506847040", "body"=>"Hello, Sexy. Wink. Wink."}, "commit"=>"Create Message"}
  [1m[36m (0.1ms)[0m  [1mBEGIN[0m
  [1m[35m (0.2ms)[0m  ROLLBACK
Completed 500 Internal Server Error in 637ms (ActiveRecord: 0.3ms)

RestClient::BadRequest (400 Bad Request):
  app/models/message.rb:15:in `send_message'
  app/controllers/messages_controller.rb:12:in `create'


  Rendered /Users/Guest/.gem/ruby/2.2.0/gems/actionpack-4.2.4/lib/action_dispatch/middleware/templates/rescues/_source.erb (6.5ms)
  Rendered /Users/Guest/.gem/ruby/2.2.0/gems/actionpack-4.2.4/lib/action_dispatch/middleware/templates/rescues/_trace.html.erb (2.5ms)
  Rendered /Users/Guest/.gem/ruby/2.2.0/gems/actionpack-4.2.4/lib/action_dispatch/middleware/templates/rescues/_request_and_response.html.erb (0.8ms)
  Rendered /Users/Guest/.gem/ruby/2.2.0/gems/actionpack-4.2.4/lib/action_dispatch/middleware/templates/rescues/diagnostics.html.erb within rescues/layout (50.7ms)
  Rendered /Users/Guest/.gem/ruby/2.2.0/gems/web-console-2.2.1/lib/web_console/templates/_markup.html.erb (0.2ms)
  Rendered /Users/Guest/.gem/ruby/2.2.0/gems/web-console-2.2.1/lib/web_console/templates/_inner_console_markup.html.erb within layouts/inlined_string (0.2ms)
  Rendered /Users/Guest/.gem/ruby/2.2.0/gems/web-console-2.2.1/lib/web_console/templates/_prompt_box_markup.html.erb within layouts/inlined_string (0.2ms)
  Rendered /Users/Guest/.gem/ruby/2.2.0/gems/web-console-2.2.1/lib/web_console/templates/style.css.erb within layouts/inlined_string (0.2ms)
  Rendered /Users/Guest/.gem/ruby/2.2.0/gems/web-console-2.2.1/lib/web_console/templates/console.js.erb within layouts/javascript (39.4ms)
  Rendered /Users/Guest/.gem/ruby/2.2.0/gems/web-console-2.2.1/lib/web_console/templates/main.js.erb within layouts/javascript (0.2ms)
  Rendered /Users/Guest/.gem/ruby/2.2.0/gems/web-console-2.2.1/lib/web_console/templates/error_page.js.erb within layouts/javascript (0.3ms)
  Rendered /Users/Guest/.gem/ruby/2.2.0/gems/web-console-2.2.1/lib/web_console/templates/index.html.erb (87.0ms)


Started POST "/messages" for ::1 at 2015-11-02 10:13:45 -0800
Processing by MessagesController#create as HTML
  Parameters: {"utf8"=>"✓", "authenticity_token"=>"RsB6MbxtUax9hA4Lgpua/haOlFmpF06/OSAVNEiC3BvGEMl4vR0zYl3SNeL6w1igN+Lf6EXh+rDHxFjrnVydmg==", "message"=>{"to"=>"4156099235", "from"=>"6506847040", "body"=>"Hello, Sexy. Wink. Wink."}, "commit"=>"Create Message"}
  [1m[36m (0.1ms)[0m  [1mBEGIN[0m
  [1m[35m (0.2ms)[0m  ROLLBACK
Completed 500 Internal Server Error in 771ms (ActiveRecord: 0.3ms)

RestClient::BadRequest (400 Bad Request):
  app/models/message.rb:15:in `send_message'
  app/controllers/messages_controller.rb:12:in `create'


  Rendered /Users/Guest/.gem/ruby/2.2.0/gems/actionpack-4.2.4/lib/action_dispatch/middleware/templates/rescues/_source.erb (6.4ms)
  Rendered /Users/Guest/.gem/ruby/2.2.0/gems/actionpack-4.2.4/lib/action_dispatch/middleware/templates/rescues/_trace.html.erb (2.6ms)
  Rendered /Users/Guest/.gem/ruby/2.2.0/gems/actionpack-4.2.4/lib/action_dispatch/middleware/templates/rescues/_request_and_response.html.erb (0.8ms)
  Rendered /Users/Guest/.gem/ruby/2.2.0/gems/actionpack-4.2.4/lib/action_dispatch/middleware/templates/rescues/diagnostics.html.erb within rescues/layout (52.6ms)
  Rendered /Users/Guest/.gem/ruby/2.2.0/gems/web-console-2.2.1/lib/web_console/templates/_markup.html.erb (0.4ms)
  Rendered /Users/Guest/.gem/ruby/2.2.0/gems/web-console-2.2.1/lib/web_console/templates/_inner_console_markup.html.erb within layouts/inlined_string (0.2ms)
  Rendered /Users/Guest/.gem/ruby/2.2.0/gems/web-console-2.2.1/lib/web_console/templates/_prompt_box_markup.html.erb within layouts/inlined_string (0.2ms)
  Rendered /Users/Guest/.gem/ruby/2.2.0/gems/web-console-2.2.1/lib/web_console/templates/style.css.erb within layouts/inlined_string (0.3ms)
  Rendered /Users/Guest/.gem/ruby/2.2.0/gems/web-console-2.2.1/lib/web_console/templates/console.js.erb within layouts/javascript (40.6ms)
  Rendered /Users/Guest/.gem/ruby/2.2.0/gems/web-console-2.2.1/lib/web_console/templates/main.js.erb within layouts/javascript (0.2ms)
  Rendered /Users/Guest/.gem/ruby/2.2.0/gems/web-console-2.2.1/lib/web_console/templates/error_page.js.erb within layouts/javascript (0.3ms)
  Rendered /Users/Guest/.gem/ruby/2.2.0/gems/web-console-2.2.1/lib/web_console/templates/index.html.erb (89.3ms)


Started POST "/messages" for ::1 at 2015-11-02 10:15:05 -0800
Processing by MessagesController#create as HTML
  Parameters: {"utf8"=>"✓", "authenticity_token"=>"RsB6MbxtUax9hA4Lgpua/haOlFmpF06/OSAVNEiC3BvGEMl4vR0zYl3SNeL6w1igN+Lf6EXh+rDHxFjrnVydmg==", "message"=>{"to"=>"4156099235", "from"=>"6506847040", "body"=>"Hello, Sexy. Wink. Wink."}, "commit"=>"Create Message"}
  [1m[36m (0.1ms)[0m  [1mBEGIN[0m
  [1m[35m (0.2ms)[0m  ROLLBACK
Completed 500 Internal Server Error in 878ms (ActiveRecord: 0.3ms)

RestClient::BadRequest (400 Bad Request):
  app/models/message.rb:15:in `send_message'
  app/controllers/messages_controller.rb:12:in `create'


  Rendered /Users/Guest/.gem/ruby/2.2.0/gems/actionpack-4.2.4/lib/action_dispatch/middleware/templates/rescues/_source.erb (11.5ms)
  Rendered /Users/Guest/.gem/ruby/2.2.0/gems/actionpack-4.2.4/lib/action_dispatch/middleware/templates/rescues/_trace.html.erb (2.5ms)
  Rendered /Users/Guest/.gem/ruby/2.2.0/gems/actionpack-4.2.4/lib/action_dispatch/middleware/templates/rescues/_request_and_response.html.erb (0.9ms)
  Rendered /Users/Guest/.gem/ruby/2.2.0/gems/actionpack-4.2.4/lib/action_dispatch/middleware/templates/rescues/diagnostics.html.erb within rescues/layout (57.5ms)
  Rendered /Users/Guest/.gem/ruby/2.2.0/gems/web-console-2.2.1/lib/web_console/templates/_markup.html.erb (0.3ms)
  Rendered /Users/Guest/.gem/ruby/2.2.0/gems/web-console-2.2.1/lib/web_console/templates/_inner_console_markup.html.erb within layouts/inlined_string (0.3ms)
  Rendered /Users/Guest/.gem/ruby/2.2.0/gems/web-console-2.2.1/lib/web_console/templates/_prompt_box_markup.html.erb within layouts/inlined_string (0.2ms)
  Rendered /Users/Guest/.gem/ruby/2.2.0/gems/web-console-2.2.1/lib/web_console/templates/style.css.erb within layouts/inlined_string (0.3ms)
  Rendered /Users/Guest/.gem/ruby/2.2.0/gems/web-console-2.2.1/lib/web_console/templates/console.js.erb within layouts/javascript (41.6ms)
  Rendered /Users/Guest/.gem/ruby/2.2.0/gems/web-console-2.2.1/lib/web_console/templates/main.js.erb within layouts/javascript (0.2ms)
  Rendered /Users/Guest/.gem/ruby/2.2.0/gems/web-console-2.2.1/lib/web_console/templates/error_page.js.erb within layouts/javascript (0.3ms)
  Rendered /Users/Guest/.gem/ruby/2.2.0/gems/web-console-2.2.1/lib/web_console/templates/index.html.erb (91.2ms)


Started POST "/messages" for ::1 at 2015-11-02 10:16:03 -0800
Processing by MessagesController#create as HTML
  Parameters: {"utf8"=>"✓", "authenticity_token"=>"RsB6MbxtUax9hA4Lgpua/haOlFmpF06/OSAVNEiC3BvGEMl4vR0zYl3SNeL6w1igN+Lf6EXh+rDHxFjrnVydmg==", "message"=>{"to"=>"4156094554", "from"=>"6506847040", "body"=>"Hello, Sexy. Wink. Wink."}, "commit"=>"Create Message"}
  [1m[36m (0.1ms)[0m  [1mBEGIN[0m
  [1m[35mSQL (0.2ms)[0m  INSERT INTO "messages" ("to", "from", "body", "created_at", "updated_at") VALUES ($1, $2, $3, $4, $5) RETURNING "id"  [["to", "4156094554"], ["from", "6506847040"], ["body", "Hello, Sexy. Wink. Wink."], ["created_at", "2015-11-02 18:16:03.704374"], ["updated_at", "2015-11-02 18:16:03.704374"]]
  [1m[36m (0.6ms)[0m  [1mCOMMIT[0m
Redirected to http://localhost:3000/messages
Completed 302 Found in 948ms (ActiveRecord: 0.9ms)


Started GET "/messages" for ::1 at 2015-11-02 10:16:04 -0800
Processing by MessagesController#index as HTML
  [1m[35mMessage Load (0.2ms)[0m  SELECT "messages".* FROM "messages"
  Rendered messages/index.html.erb within layouts/application (0.7ms)
Completed 200 OK in 22ms (Views: 21.1ms | ActiveRecord: 0.2ms)


Started GET "/messages" for ::1 at 2015-11-02 10:16:59 -0800
Processing by MessagesController#index as HTML
  [1m[36mMessage Load (0.2ms)[0m  [1mSELECT "messages".* FROM "messages"[0m
  Rendered messages/index.html.erb within layouts/application (0.9ms)
Completed 200 OK in 22ms (Views: 21.4ms | ActiveRecord: 0.2ms)


Started GET "/messages" for ::1 at 2015-11-02 11:08:14 -0800
  [1m[36mActiveRecord::SchemaMigration Load (0.3ms)[0m  [1mSELECT "schema_migrations".* FROM "schema_migrations"[0m
Processing by MessagesController#index as HTML
  [1m[35mMessage Load (0.4ms)[0m  SELECT "messages".* FROM "messages"
  Rendered messages/index.html.erb within layouts/application (8.0ms)
Completed 200 OK in 188ms (Views: 177.0ms | ActiveRecord: 2.2ms)


Started GET "/messages" for ::1 at 2015-11-02 11:08:59 -0800
Processing by MessagesController#index as HTML
  [1m[36mMessage Load (0.2ms)[0m  [1mSELECT "messages".* FROM "messages"[0m
  Rendered messages/index.html.erb within layouts/application (1.4ms)
Completed 200 OK in 27ms (Views: 26.6ms | ActiveRecord: 0.2ms)


Started GET "/messages/new" for ::1 at 2015-11-02 11:09:00 -0800
Processing by MessagesController#new as HTML
  Rendered messages/new.html.erb within layouts/application (15.3ms)
Completed 200 OK in 41ms (Views: 40.8ms | ActiveRecord: 0.0ms)


Started POST "/messages" for ::1 at 2015-11-02 11:09:16 -0800
Processing by MessagesController#create as HTML
  Parameters: {"utf8"=>"✓", "authenticity_token"=>"lEfITi0nf2VDGPBO3U2hfWSpZB3wXCRhwurxkTNniFUUl3sHLFcdq2NOy6elFWMjRcUvrByqkG48DrxO5rnJ1A==", "message"=>{"to"=>"272720191509757", "from"=>"", "body"=>"nope"}, "commit"=>"Create Message"}
  [1m[35m (0.1ms)[0m  BEGIN
  [1m[36m (0.2ms)[0m  [1mROLLBACK[0m
  Rendered messages/new.html.erb within layouts/application (2.6ms)
Completed 200 OK in 776ms (Views: 28.0ms | ActiveRecord: 0.3ms)


Started POST "/messages" for ::1 at 2015-11-02 11:09:39 -0800
Processing by MessagesController#create as HTML
  Parameters: {"utf8"=>"✓", "authenticity_token"=>"lEfITi0nf2VDGPBO3U2hfWSpZB3wXCRhwurxkTNniFUUl3sHLFcdq2NOy6elFWMjRcUvrByqkG48DrxO5rnJ1A==", "message"=>{"to"=>"272720191509757", "from"=>"", "body"=>"nope"}, "commit"=>"Create Message"}
  [1m[35m (0.1ms)[0m  BEGIN
  [1m[36m (0.1ms)[0m  [1mROLLBACK[0m
  Rendered messages/new.html.erb within layouts/application (2.3ms)
Completed 200 OK in 485ms (Views: 26.2ms | ActiveRecord: 0.2ms)


Started POST "/messages" for ::1 at 2015-11-02 11:09:40 -0800
Processing by MessagesController#create as HTML
  Parameters: {"utf8"=>"✓", "authenticity_token"=>"56LPBwgzP2gClrHpkuFp6tBdzZVmpBEulC/x8O482mdncnxOCUNdpiLAigDquau08TGGJIpSpSFqy7wvO+Kb5g==", "message"=>{"to"=>"272720191509757", "from"=>"", "body"=>"nope"}, "commit"=>"Create Message"}
  [1m[35m (0.1ms)[0m  BEGIN
  [1m[36m (0.1ms)[0m  [1mROLLBACK[0m
  Rendered messages/new.html.erb within layouts/application (1.5ms)
Completed 200 OK in 497ms (Views: 22.9ms | ActiveRecord: 0.2ms)


Started POST "/messages" for ::1 at 2015-11-02 11:09:43 -0800
Processing by MessagesController#create as HTML
  Parameters: {"utf8"=>"✓", "authenticity_token"=>"GXvoSBHLScYLPSlNI4dEFtL3WBDhfyvvgaJw9lBSD/uZq1sBELsrCCtrEqRb34ZI85sToQ2Jn+B/Rj0phYxOeg==", "message"=>{"to"=>"272720191509757", "from"=>"", "body"=>"nope"}, "commit"=>"Create Message"}
  [1m[35m (0.1ms)[0m  BEGIN
  [1m[36m (0.1ms)[0m  [1mROLLBACK[0m
  Rendered messages/new.html.erb within layouts/application (1.6ms)
Completed 200 OK in 468ms (Views: 24.0ms | ActiveRecord: 0.2ms)


Started POST "/messages" for ::1 at 2015-11-02 11:10:20 -0800
Processing by MessagesController#create as HTML
  Parameters: {"utf8"=>"✓", "authenticity_token"=>"GXvoSBHLScYLPSlNI4dEFtL3WBDhfyvvgaJw9lBSD/uZq1sBELsrCCtrEqRb34ZI85sToQ2Jn+B/Rj0phYxOeg==", "message"=>{"to"=>"272720191509757", "from"=>"", "body"=>"nope"}, "commit"=>"Create Message"}
  [1m[35m (0.1ms)[0m  BEGIN
  [1m[36m (0.2ms)[0m  [1mROLLBACK[0m
  Rendered messages/new.html.erb within layouts/application (2.2ms)
Completed 200 OK in 925ms (Views: 28.6ms | ActiveRecord: 0.3ms)


Started POST "/messages" for ::1 at 2015-11-02 11:10:22 -0800
Processing by MessagesController#create as HTML
  Parameters: {"utf8"=>"✓", "authenticity_token"=>"Fygo2XUA2X7qFqN1u47eYma2PLOy6a+tBqZlaqDQR/SX+JuQdHC7sMpAmJzD1hw8R9p3Al4fG6L4Qii1dQ4GdQ==", "message"=>{"to"=>"272720191509757", "from"=>"", "body"=>"nope"}, "commit"=>"Create Message"}
  [1m[35m (0.1ms)[0m  BEGIN
  [1m[36m (0.2ms)[0m  [1mROLLBACK[0m
  Rendered messages/new.html.erb within layouts/application (1.6ms)
Completed 200 OK in 1038ms (Views: 23.4ms | ActiveRecord: 0.3ms)


Started POST "/messages" for ::1 at 2015-11-02 11:10:29 -0800
Processing by MessagesController#create as HTML
  Parameters: {"utf8"=>"✓", "authenticity_token"=>"Qjsw3pdL7VRw0n2THzrw8gDxZI47d6ImjDsmo0z5nNPC64OXljuPmlCERnpnYjKsIZ0vP9eBFily32t8mSfdUg==", "message"=>{"to"=>"272720191509757", "from"=>"83838383", "body"=>"nope"}, "commit"=>"Create Message"}
  [1m[35m (0.1ms)[0m  BEGIN
  [1m[36m (0.2ms)[0m  [1mROLLBACK[0m
  Rendered messages/new.html.erb within layouts/application (1.6ms)
Completed 200 OK in 558ms (Views: 24.5ms | ActiveRecord: 0.3ms)


Started POST "/messages" for ::1 at 2015-11-02 11:10:32 -0800
Processing by MessagesController#create as HTML
  Parameters: {"utf8"=>"✓", "authenticity_token"=>"RrtoLlo1T8QfVwkX2BnUppZMJ3+jv/uAdBDCn/ooZdbGa9tnW0UtCj8BMv6gQRb4tyBszk9JT4+K9I9AL/YkVw==", "message"=>{"to"=>"272720191509757", "from"=>"83838383", "body"=>"nope"}, "commit"=>"Create Message"}
  [1m[35m (0.1ms)[0m  BEGIN
  [1m[36m (0.2ms)[0m  [1mROLLBACK[0m
  Rendered messages/new.html.erb within layouts/application (1.6ms)
Completed 200 OK in 828ms (Views: 32.3ms | ActiveRecord: 0.3ms)


Started POST "/messages" for ::1 at 2015-11-02 11:10:53 -0800
Processing by MessagesController#create as HTML
  Parameters: {"utf8"=>"✓", "authenticity_token"=>"C+maH6AJFYhbo3h8824QHU7jDF97AsLht8eXhVnmlM+LOSlWoXl3Rnv1Q5WLNtJDb49H7pf0du5JI9pajDjVTg==", "message"=>{"to"=>"272720191509757", "from"=>"83838383", "body"=>"nope"}, "commit"=>"Create Message"}
  [1m[35m (0.1ms)[0m  BEGIN
  [1m[36m (0.2ms)[0m  [1mROLLBACK[0m
  Rendered messages/new.html.erb within layouts/application (2.1ms)
Completed 200 OK in 1006ms (Views: 27.0ms | ActiveRecord: 0.3ms)


Started POST "/messages" for ::1 at 2015-11-02 11:10:55 -0800
Processing by MessagesController#create as HTML
  Parameters: {"utf8"=>"✓", "authenticity_token"=>"2M48jna8dsLbWkO9BpJGN0aVyW+iAUV7dgjPhoWhwiJYHo/Hd8wUDPsMeFR+yoRpZ/mC3k738XSI7IJZUH+Dow==", "message"=>{"to"=>"272720191509757", "from"=>"83838383", "body"=>"nope"}, "commit"=>"Create Message"}
  [1m[35m (0.1ms)[0m  BEGIN
  [1m[36m (0.2ms)[0m  [1mROLLBACK[0m
  Rendered messages/new.html.erb within layouts/application (1.6ms)
Completed 200 OK in 915ms (Views: 27.3ms | ActiveRecord: 0.3ms)
  [1m[36mMessage Load (0.4ms)[0m  [1mSELECT "messages".* FROM "messages"[0m


Started GET "/" for ::1 at 2015-11-02 11:11:49 -0800
Processing by Rails::WelcomeController#index as HTML
  Rendered /Users/Guest/.gem/ruby/2.2.0/gems/railties-4.2.4/lib/rails/templates/rails/welcome/index.html.erb (0.6ms)
Completed 200 OK in 3ms (Views: 2.4ms | ActiveRecord: 0.0ms)


Started GET "/" for ::1 at 2015-11-02 11:11:52 -0800
Processing by Rails::WelcomeController#index as HTML
  Rendered /Users/Guest/.gem/ruby/2.2.0/gems/railties-4.2.4/lib/rails/templates/rails/welcome/index.html.erb (0.0ms)
Completed 200 OK in 2ms (Views: 1.7ms | ActiveRecord: 0.0ms)


Started GET "/index" for ::1 at 2015-11-02 11:11:58 -0800

ActionController::RoutingError (No route matches [GET] "/index"):
  actionpack (4.2.4) lib/action_dispatch/middleware/debug_exceptions.rb:21:in `call'
  web-console (2.2.1) lib/web_console/middleware.rb:39:in `call'
  actionpack (4.2.4) lib/action_dispatch/middleware/show_exceptions.rb:30:in `call'
  railties (4.2.4) lib/rails/rack/logger.rb:38:in `call_app'
  railties (4.2.4) lib/rails/rack/logger.rb:20:in `block in call'
  activesupport (4.2.4) lib/active_support/tagged_logging.rb:68:in `block in tagged'
  activesupport (4.2.4) lib/active_support/tagged_logging.rb:26:in `tagged'
  activesupport (4.2.4) lib/active_support/tagged_logging.rb:68:in `tagged'
  railties (4.2.4) lib/rails/rack/logger.rb:20:in `call'
  quiet_assets (1.1.0) lib/quiet_assets.rb:27:in `call_with_quiet_assets'
  actionpack (4.2.4) lib/action_dispatch/middleware/request_id.rb:21:in `call'
  rack (1.6.4) lib/rack/methodoverride.rb:22:in `call'
  rack (1.6.4) lib/rack/runtime.rb:18:in `call'
  activesupport (4.2.4) lib/active_support/cache/strategy/local_cache_middleware.rb:28:in `call'
  rack (1.6.4) lib/rack/lock.rb:17:in `call'
  actionpack (4.2.4) lib/action_dispatch/middleware/static.rb:116:in `call'
  rack (1.6.4) lib/rack/sendfile.rb:113:in `call'
  railties (4.2.4) lib/rails/engine.rb:518:in `call'
  railties (4.2.4) lib/rails/application.rb:165:in `call'
  rack (1.6.4) lib/rack/lock.rb:17:in `call'
  rack (1.6.4) lib/rack/content_length.rb:15:in `call'
  rack (1.6.4) lib/rack/handler/webrick.rb:88:in `service'
  /opt/rubies/ruby-2.2.0/lib/ruby/2.2.0/webrick/httpserver.rb:138:in `service'
  /opt/rubies/ruby-2.2.0/lib/ruby/2.2.0/webrick/httpserver.rb:94:in `run'
  /opt/rubies/ruby-2.2.0/lib/ruby/2.2.0/webrick/server.rb:294:in `block in start_thread'


  Rendered /Users/Guest/.gem/ruby/2.2.0/gems/actionpack-4.2.4/lib/action_dispatch/middleware/templates/rescues/_trace.html.erb (1.3ms)
  Rendered /Users/Guest/.gem/ruby/2.2.0/gems/actionpack-4.2.4/lib/action_dispatch/middleware/templates/routes/_route.html.erb (0.9ms)
  Rendered /Users/Guest/.gem/ruby/2.2.0/gems/actionpack-4.2.4/lib/action_dispatch/middleware/templates/routes/_table.html.erb (14.6ms)
  Rendered /Users/Guest/.gem/ruby/2.2.0/gems/actionpack-4.2.4/lib/action_dispatch/middleware/templates/rescues/_request_and_response.html.erb (1.0ms)
  Rendered /Users/Guest/.gem/ruby/2.2.0/gems/actionpack-4.2.4/lib/action_dispatch/middleware/templates/rescues/routing_error.html.erb within rescues/layout (80.6ms)
  Rendered /Users/Guest/.gem/ruby/2.2.0/gems/web-console-2.2.1/lib/web_console/templates/_markup.html.erb (0.3ms)
  Rendered /Users/Guest/.gem/ruby/2.2.0/gems/web-console-2.2.1/lib/web_console/templates/_inner_console_markup.html.erb within layouts/inlined_string (0.2ms)
  Rendered /Users/Guest/.gem/ruby/2.2.0/gems/web-console-2.2.1/lib/web_console/templates/_prompt_box_markup.html.erb within layouts/inlined_string (0.3ms)
  Rendered /Users/Guest/.gem/ruby/2.2.0/gems/web-console-2.2.1/lib/web_console/templates/style.css.erb within layouts/inlined_string (0.3ms)
  Rendered /Users/Guest/.gem/ruby/2.2.0/gems/web-console-2.2.1/lib/web_console/templates/console.js.erb within layouts/javascript (46.1ms)
  Rendered /Users/Guest/.gem/ruby/2.2.0/gems/web-console-2.2.1/lib/web_console/templates/main.js.erb within layouts/javascript (0.2ms)
  Rendered /Users/Guest/.gem/ruby/2.2.0/gems/web-console-2.2.1/lib/web_console/templates/error_page.js.erb within layouts/javascript (0.3ms)
  Rendered /Users/Guest/.gem/ruby/2.2.0/gems/web-console-2.2.1/lib/web_console/templates/index.html.erb (98.0ms)


Started GET "/messages" for ::1 at 2015-11-02 11:12:09 -0800
Processing by MessagesController#index as HTML
  [1m[35mMessage Load (0.2ms)[0m  SELECT "messages".* FROM "messages"
  Rendered messages/index.html.erb within layouts/application (1.0ms)
Completed 200 OK in 24ms (Views: 22.8ms | ActiveRecord: 0.2ms)


Started GET "/messages/new" for ::1 at 2015-11-02 11:12:12 -0800
Processing by MessagesController#new as HTML
  Rendered messages/new.html.erb within layouts/application (2.3ms)
Completed 200 OK in 26ms (Views: 25.6ms | ActiveRecord: 0.0ms)


Started POST "/messages" for ::1 at 2015-11-02 11:12:34 -0800
Processing by MessagesController#create as HTML
  Parameters: {"utf8"=>"✓", "authenticity_token"=>"z6lpFaCiEm7mxtOJURJZ8dAYnhTccrN4jp4nYaPm+eZPedpcodJwoMaQ6GApSpuv8XTVpTCEB3dwemq+dji4Zw==", "message"=>{"to"=>"111111111111", "from"=>"6506847040", "body"=>"nope"}, "commit"=>"Create Message"}
  [1m[36m (0.1ms)[0m  [1mBEGIN[0m
  [1m[35m (0.2ms)[0m  ROLLBACK
  Rendered messages/new.html.erb within layouts/application (1.7ms)
Completed 200 OK in 595ms (Views: 28.8ms | ActiveRecord: 0.3ms)


Started POST "/messages" for ::1 at 2015-11-02 11:12:37 -0800
Processing by MessagesController#create as HTML
  Parameters: {"utf8"=>"✓", "authenticity_token"=>"MFK3U+lZPnLcuEBcCOK5vay5DOUvIcTA/1jAnMlTJbewggQa6ClcvPzue7VwunvjjdVHVMPXcM8BvI1DHI1kNg==", "message"=>{"to"=>"111111111111", "from"=>"6506847040", "body"=>"nope"}, "commit"=>"Create Message"}
  [1m[36m (0.1ms)[0m  [1mBEGIN[0m
  [1m[35m (0.1ms)[0m  ROLLBACK
  Rendered messages/new.html.erb within layouts/application (1.6ms)
Completed 200 OK in 522ms (Views: 24.5ms | ActiveRecord: 0.2ms)
  [1m[35mMessage Load (0.3ms)[0m  SELECT "messages".* FROM "messages"


Started POST "/messages" for ::1 at 2015-11-02 11:15:57 -0800
Processing by MessagesController#create as HTML
  Parameters: {"utf8"=>"✓", "authenticity_token"=>"MFK3U+lZPnLcuEBcCOK5vay5DOUvIcTA/1jAnMlTJbewggQa6ClcvPzue7VwunvjjdVHVMPXcM8BvI1DHI1kNg==", "message"=>{"to"=>"111111111111", "from"=>"6506847040", "body"=>"nope"}, "commit"=>"Create Message"}
  [1m[36m (0.1ms)[0m  [1mBEGIN[0m
  [1m[35m (0.1ms)[0m  ROLLBACK
  Rendered messages/new.html.erb within layouts/application (2.1ms)
Completed 200 OK in 871ms (Views: 25.8ms | ActiveRecord: 1.5ms)


Started POST "/messages" for ::1 at 2015-11-02 11:15:58 -0800
Processing by MessagesController#create as HTML
  Parameters: {"utf8"=>"✓", "authenticity_token"=>"Jf1Duqt4KmQBRZV0FoGj0dJ+GzrgnLsLt5o1PsUdX+KlLfDzqghIqiETrp1u2WGP8xJQiwxqDwRJfnjhEMMeYw==", "message"=>{"to"=>"111111111111", "from"=>"6506847040", "body"=>"nope"}, "commit"=>"Create Message"}
  [1m[36m (0.1ms)[0m  [1mBEGIN[0m
  [1m[35m (0.2ms)[0m  ROLLBACK
  Rendered messages/new.html.erb within layouts/application (1.6ms)
Completed 200 OK in 1000ms (Views: 23.6ms | ActiveRecord: 0.3ms)


Started POST "/messages" for ::1 at 2015-11-02 11:16:00 -0800
Processing by MessagesController#create as HTML
  Parameters: {"utf8"=>"✓", "authenticity_token"=>"hpxyaTE2kxegprYTZ7VrczkcqVUPEdMfGamL/oIMzNcGTMEgMEbx2YDwjfof7aktGHDi5OPnZxDnTcYhV9KNVg==", "message"=>{"to"=>"111111111111", "from"=>"6506847040", "body"=>"nope"}, "commit"=>"Create Message"}
  [1m[36m (0.1ms)[0m  [1mBEGIN[0m
  [1m[35m (0.2ms)[0m  ROLLBACK
  Rendered messages/new.html.erb within layouts/application (1.6ms)
Completed 200 OK in 1385ms (Views: 24.3ms | ActiveRecord: 0.3ms)


Started POST "/messages" for ::1 at 2015-11-02 11:16:18 -0800
Processing by MessagesController#create as HTML
  Parameters: {"utf8"=>"✓", "authenticity_token"=>"Ds7joaUICUDyyGZHjTXMnturttyU+MJUTDafZ0U6z0aOHlDopHhrjtKeXa71bQ7A+sf9bXgOdluy0tK4kOSOxw==", "message"=>{"to"=>"4156094554", "from"=>"6506847040", "body"=>"nope"}, "commit"=>"Create Message"}
  [1m[36m (0.1ms)[0m  [1mBEGIN[0m
  [1m[35mSQL (0.3ms)[0m  INSERT INTO "messages" ("to", "from", "body", "created_at", "updated_at") VALUES ($1, $2, $3, $4, $5) RETURNING "id"  [["to", "4156094554"], ["from", "6506847040"], ["body", "nope"], ["created_at", "2015-11-02 19:16:18.159721"], ["updated_at", "2015-11-02 19:16:18.159721"]]
  [1m[36m (0.6ms)[0m  [1mCOMMIT[0m
Redirected to http://localhost:3000/messages
Completed 302 Found in 827ms (ActiveRecord: 1.2ms)


Started GET "/messages" for ::1 at 2015-11-02 11:16:18 -0800
Processing by MessagesController#index as HTML
  [1m[35mMessage Load (0.2ms)[0m  SELECT "messages".* FROM "messages"
  Rendered messages/index.html.erb within layouts/application (0.8ms)
Completed 200 OK in 29ms (Views: 27.8ms | ActiveRecord: 0.2ms)
  [1m[36mMessage Load (0.3ms)[0m  [1mSELECT "messages".* FROM "messages"[0m
  [1m[35mMessage Load (0.3ms)[0m  SELECT "messages".* FROM "messages"
  [1m[36mMessage Load (0.5ms)[0m  [1mSELECT  "messages".* FROM "messages"  ORDER BY "messages"."id" ASC LIMIT 1[0m
  [1m[35mMessage Load (0.3ms)[0m  SELECT "messages".* FROM "messages"


Started GET "/messages/new" for ::1 at 2015-11-02 12:20:23 -0800
Processing by MessagesController#new as HTML
  Rendered messages/new.html.erb within layouts/application (1.4ms)
Completed 200 OK in 23ms (Views: 23.0ms | ActiveRecord: 0.0ms)


Started POST "/messages" for ::1 at 2015-11-02 12:20:47 -0800
Processing by MessagesController#create as HTML
  Parameters: {"utf8"=>"✓", "authenticity_token"=>"/3B4aWDKHZBMAia7VRmjCP41wQO4VisR/vRJbjYzVAJ/oMsgYbp/XmxUHVItQWFW31mKslSgnx4AEASx4+0Vgw==", "message"=>{"to"=>"1111111111", "from"=>"131234", "body"=>"Lrt's try"}, "commit"=>"Create Message"}
  [1m[36m (0.1ms)[0m  [1mBEGIN[0m
  [1m[35m (0.2ms)[0m  ROLLBACK
  Rendered messages/new.html.erb within layouts/application (1.6ms)
Completed 200 OK in 978ms (Views: 25.4ms | ActiveRecord: 0.3ms)


Started POST "/messages" for ::1 at 2015-11-02 12:24:32 -0800
Processing by MessagesController#create as HTML
  Parameters: {"utf8"=>"✓", "authenticity_token"=>"/3B4aWDKHZBMAia7VRmjCP41wQO4VisR/vRJbjYzVAJ/oMsgYbp/XmxUHVItQWFW31mKslSgnx4AEASx4+0Vgw==", "message"=>{"to"=>"1111111111", "from"=>"131234", "body"=>"Lrt's try"}, "commit"=>"Create Message"}
  [1m[36m (0.1ms)[0m  [1mBEGIN[0m
  [1m[35m (0.2ms)[0m  ROLLBACK
  Rendered messages/new.html.erb within layouts/application (2.0ms)
Completed 200 OK in 669ms (Views: 25.3ms | ActiveRecord: 1.6ms)


Started POST "/messages" for ::1 at 2015-11-02 12:25:37 -0800
Processing by MessagesController#create as HTML
  Parameters: {"utf8"=>"✓", "authenticity_token"=>"gugZZpygLIwdmRbgdC76xu/81MgaR83OxqYyaUIqHw0COKovndBOQj3PLQkMdjiYzpCfefaxecE4Qn+2l/RejA==", "message"=>{"to"=>"4516094554", "from"=>"6506847040", "body"=>"Lrt's try"}, "commit"=>"Create Message"}
  [1m[36m (0.1ms)[0m  [1mBEGIN[0m
  [1m[35m (0.2ms)[0m  ROLLBACK
  Rendered messages/new.html.erb within layouts/application (1.6ms)
Completed 200 OK in 782ms (Views: 22.6ms | ActiveRecord: 0.3ms)


Started POST "/messages" for ::1 at 2015-11-02 12:26:02 -0800
Processing by MessagesController#create as HTML
  Parameters: {"utf8"=>"✓", "authenticity_token"=>"g5pUgQ0lN30AZkW/ByOHQO0wYC1NJeQF4xrxAr+kw4oDSufIDFVVsyAwflZ/e0UezFwrnKHTUAod/rzdanqCCw==", "message"=>{"to"=>"4156094554", "from"=>"6506847040", "body"=>"status check"}, "commit"=>"Create Message"}
  [1m[36m (0.1ms)[0m  [1mBEGIN[0m
  [1m[35mSQL (0.2ms)[0m  INSERT INTO "messages" ("to", "from", "body", "created_at", "updated_at") VALUES ($1, $2, $3, $4, $5) RETURNING "id"  [["to", "4156094554"], ["from", "6506847040"], ["body", "status check"], ["created_at", "2015-11-02 20:26:02.200883"], ["updated_at", "2015-11-02 20:26:02.200883"]]
  [1m[36m (0.6ms)[0m  [1mCOMMIT[0m
Redirected to http://localhost:3000/messages
Completed 302 Found in 1011ms (ActiveRecord: 0.9ms)


Started GET "/messages" for ::1 at 2015-11-02 12:26:03 -0800
Processing by MessagesController#index as HTML
  [1m[35mMessage Load (0.2ms)[0m  SELECT "messages".* FROM "messages"
  Rendered messages/index.html.erb within layouts/application (0.9ms)
Completed 200 OK in 25ms (Views: 24.8ms | ActiveRecord: 0.2ms)
  [1m[36mMessage Load (0.4ms)[0m  [1mSELECT  "messages".* FROM "messages"  ORDER BY "messages"."id" DESC LIMIT 1[0m
